************************** 2024-10-30T22:39:39+00:00 **************************
2024-10-30T22:39:39+00:00 | [INFO	] GameLabs v1.938 start for server 5dd5b875-05c8-4f5b-8998-bf8e74c3500e
2024-10-30T22:40:02+00:00 | [INFO	] Server up (GameLabs v1.938; terrain=deerisle;)
2024-10-30T22:40:02+00:00 | [INFO	] RPC interface initiated and handler registered
2024-10-30T22:40:03+00:00 | [INFO	] Experimental speed check is enabled
2024-10-30T23:40:40+00:00 | [ERROR	] ServerPoll2 errorCode(5)
2024-10-30T23:40:40+00:00 | [ERROR	] GameLabs API error, reauthenticating...
2024-10-30T23:40:40+00:00 | [WARN	] RegisterAsync re-authorized
2024-10-31T00:40:41+00:00 | [ERROR	] ServerPoll2 errorCode(5)
2024-10-31T00:40:41+00:00 | [ERROR	] GameLabs API error, reauthenticating...
2024-10-31T00:40:41+00:00 | [WARN	] RegisterAsync re-authorized
2024-10-31T01:40:42+00:00 | [ERROR	] ServerPoll2 errorCode(5)
2024-10-31T01:40:42+00:00 | [ERROR	] GameLabs API error, reauthenticating...
2024-10-31T01:40:42+00:00 | [WARN	] RegisterAsync re-authorized
2024-10-31T02:40:43+00:00 | [ERROR	] ServerPoll2 errorCode(5)
2024-10-31T02:40:43+00:00 | [ERROR	] GameLabs API error, reauthenticating...
2024-10-31T02:40:44+00:00 | [WARN	] RegisterAsync re-authorized
2024-10-31T03:40:45+00:00 | [ERROR	] ServerPoll2 errorCode(5)
2024-10-31T03:40:45+00:00 | [ERROR	] GameLabs API error, reauthenticating...
2024-10-31T03:40:45+00:00 | [WARN	] RegisterAsync re-authorized
2024-10-31T04:40:46+00:00 | [ERROR	] ServerPoll2 errorCode(5)
2024-10-31T04:40:46+00:00 | [ERROR	] GameLabs API error, reauthenticating...
2024-10-31T04:40:46+00:00 | [WARN	] RegisterAsync re-authorized
2024-10-31T05:40:47+00:00 | [ERROR	] ServerPoll2 errorCode(5)
2024-10-31T05:40:47+00:00 | [ERROR	] GameLabs API error, reauthenticating...
2024-10-31T05:40:47+00:00 | [WARN	] RegisterAsync re-authorized
2024-10-31T06:40:48+00:00 | [ERROR	] ServerPoll2 errorCode(5)
2024-10-31T06:40:48+00:00 | [ERROR	] GameLabs API error, reauthenticating...
2024-10-31T06:40:49+00:00 | [WARN	] RegisterAsync re-authorized
2024-10-31T07:40:50+00:00 | [ERROR	] ServerPoll2 errorCode(5)
2024-10-31T07:40:50+00:00 | [ERROR	] GameLabs API error, reauthenticating...
2024-10-31T07:40:50+00:00 | [WARN	] RegisterAsync re-authorized
2024-10-31T07:59:09+00:00 | [INFO	] (Reporter) Disabled
2024-10-31T07:59:09+00:00 | [INFO	] (Core) Attempting graceful exit
