18:04:48.988 [Party] Player "Brunzel" (id=f2l2jICD_Sczip949hvINs6OyU4Bwb7AcAdZ3Ggck4k=) joinded the party "no0bz" (id=0 ownerUID=f2l2jICD_Sczip949hvINs6OyU4Bwb7AcAdZ3Ggck4k= ownerName=Brunzel)
18:04:55.441 [SpawnSelection] Player "Brunzel" (id=f2l2jICD_Sczip949hvINs6OyU4Bwb7AcAdZ3Ggck4k=) spawned at <10230.116211, 3.189571, 4238.677246>
18:09:08.964 [MissionAirdrop] An airdrop is heading towards "Hazelands" (pos=<4539.000000, 0.000000, 2317.000000> type=Random_Hazelands) with a ExpansionAirdropContainer_Medical
18:09:40.945 [Party] Player "Brunzel" (id=f2l2jICD_Sczip949hvINs6OyU4Bwb7AcAdZ3Ggck4k=) left the party "no0bz" (id=0 ownerUID=f2l2jICD_Sczip949hvINs6OyU4Bwb7AcAdZ3Ggck4k= ownerName=Brunzel)
19:41:01.007 [MissionAirdrop] An airdrop is heading towards "Greenville" (pos=<4658.000000, 0.000000, 1414.000000> type=Random_Greenville) with a ExpansionAirdropContainer
21:12:58.007 [MissionAirdrop] An airdrop is heading towards "Mountainville" (pos=<7911.000000, 0.000000, 8864.000000> type=Random_Mountainville) with a ExpansionAirdropContainer
22:16:52.179 [SpawnSelection] Player "Bavasa806" (id=xZCvs13XylIxqemRmhh2E2Ct07K1e2GjrLu0tC9yF5U=) spawned at <10339.783203, 7.476208, 5502.157227>
22:40:50.562 [MissionAirdrop] An airdrop is heading towards "Westbrook" (pos=<3614.000000, 0.000000, 6360.000000> type=Random_Westbrook) with a ExpansionAirdropContainer
00:10:33.562 [MissionAirdrop] An airdrop is heading towards "Stonington" (pos=<6973.000000, 0.000000, 1701.000000> type=Random_Stonington) with a ExpansionAirdropContainer
01:41:53.562 [MissionAirdrop] An airdrop is heading towards "Kushville" (pos=<7630.000000, 0.000000, 3717.000000> type=Random_Kushville) with a ExpansionAirdropContainer_Medical
03:10:07.562 [MissionAirdrop] An airdrop is heading towards "Oceanville" (pos=<10179.000000, 0.000000, 4722.000000> type=Random_Oceanville) with a ExpansionAirdropContainer_Military
04:39:20.562 [MissionAirdrop] An airdrop is heading towards "Stonington" (pos=<6973.000000, 0.000000, 1701.000000> type=Random_Stonington) with a ExpansionAirdropContainer
06:10:40.562 [MissionAirdrop] An airdrop is heading towards "Kushville" (pos=<7630.000000, 0.000000, 3717.000000> type=Random_Kushville) with a ExpansionAirdropContainer_Medical
07:39:43.562 [MissionAirdrop] An airdrop is heading towards "Stonington" (pos=<6973.000000, 0.000000, 1701.000000> type=Random_Stonington) with a ExpansionAirdropContainer
09:10:11.562 [MissionAirdrop] An airdrop is heading towards "Stonington" (pos=<6973.000000, 0.000000, 1701.000000> type=Random_Stonington) with a ExpansionAirdropContainer
10:40:22.562 [MissionAirdrop] An airdrop is heading towards "Westbrook" (pos=<3614.000000, 0.000000, 6360.000000> type=Random_Westbrook) with a ExpansionAirdropContainer
12:10:11.578 [MissionAirdrop] An airdrop is heading towards "Stonington" (pos=<6973.000000, 0.000000, 1701.000000> type=Random_Stonington) with a ExpansionAirdropContainer
13:41:12.578 [MissionAirdrop] An airdrop is heading towards "Georgstown" (pos=<4522.000000, 0.000000, 4370.000000> type=Random_Georgstown) with a ExpansionAirdropContainer
15:10:53.578 [MissionAirdrop] An airdrop is heading towards "Stonington" (pos=<6973.000000, 0.000000, 1701.000000> type=Random_Stonington) with a ExpansionAirdropContainer
16:41:30.593 [MissionAirdrop] An airdrop is heading towards "Stonington" (pos=<6973.000000, 0.000000, 1701.000000> type=Random_Stonington) with a ExpansionAirdropContainer
18:12:00.593 [MissionAirdrop] An airdrop is heading towards "Oceanville" (pos=<10179.000000, 0.000000, 4722.000000> type=Random_Oceanville) with a ExpansionAirdropContainer_Military
19:42:03.625 [MissionAirdrop] An airdrop is heading towards "Stonington" (pos=<6973.000000, 0.000000, 1701.000000> type=Random_Stonington) with a ExpansionAirdropContainer
21:11:38.625 [MissionAirdrop] An airdrop is heading towards "Oceanville" (pos=<10179.000000, 0.000000, 4722.000000> type=Random_Oceanville) with a ExpansionAirdropContainer_Military
21:28:39.015 [Party] Player "DasBrunzel" (id=f2l2jICD_Sczip949hvINs6OyU4Bwb7AcAdZ3Ggck4k=) joinded the party "no0bz" (id=0 ownerUID=f2l2jICD_Sczip949hvINs6OyU4Bwb7AcAdZ3Ggck4k= ownerName=Brunzel)
21:31:04.250 [Safezone] Player "DasBrunzel" (id=f2l2jICD_Sczip949hvINs6OyU4Bwb7AcAdZ3Ggck4k= pos=<5640.733887, 28.766811, 5375.499023>) Entered the safezone
21:42:19.937 [Party] Player "Ascot" (id=Bq1eMPNQmCjR3m0OoefiBVPgfzzwn8eiAx7N9rAB62s=) joinded the party "no0bz" (id=0 ownerUID=f2l2jICD_Sczip949hvINs6OyU4Bwb7AcAdZ3Ggck4k= ownerName=Brunzel)
21:42:34.593 [SpawnSelection] Player "Ascot" (id=Bq1eMPNQmCjR3m0OoefiBVPgfzzwn8eiAx7N9rAB62s=) spawned at <9479.124023, 27.024431, 5234.839844>
21:42:56.062 [Safezone] Player "Ascot" (id=Bq1eMPNQmCjR3m0OoefiBVPgfzzwn8eiAx7N9rAB62s= pos=<5652.907715, 28.722483, 5410.298828>) Entered the safezone
21:43:56.125 [Party] Player "Blue" (id=6tDGfCLyIJ2cGwmfsPPpyKsoJriZzV2e2gSbcGa-IKM=) joinded the party "Shadow Infinite" (id=5 ownerUID=6tDGfCLyIJ2cGwmfsPPpyKsoJriZzV2e2gSbcGa-IKM= ownerName=Blue)
21:44:07.656 [Chat - Direct]("Ascot"(id=Bq1eMPNQmCjR3m0OoefiBVPgfzzwn8eiAx7N9rAB62s=)): abend Blue
21:44:22.515 [Safezone] Player "Blue" (id=6tDGfCLyIJ2cGwmfsPPpyKsoJriZzV2e2gSbcGa-IKM= pos=<5655.326660, 32.553204, 5267.953125>) Entered the safezone
21:44:24.125 [Chat - Global]("Ascot"(id=Bq1eMPNQmCjR3m0OoefiBVPgfzzwn8eiAx7N9rAB62s=)): Abend Blue
21:44:34.531 [Chat - Global]("Ascot"(id=Bq1eMPNQmCjR3m0OoefiBVPgfzzwn8eiAx7N9rAB62s=)): bitte heute noch nichts bauen
21:45:02.531 [Chat - Global]("DasBrunzel"(id=f2l2jICD_Sczip949hvINs6OyU4Bwb7AcAdZ3Ggck4k=)): eigentlich gibts den server auch noch nicht :D
21:45:37.500 [SpawnSelection] Player "Blue" (id=6tDGfCLyIJ2cGwmfsPPpyKsoJriZzV2e2gSbcGa-IKM=) spawned at <10481.480469, 9.250264, 4247.019043>
21:45:48.156 [Safezone] Player "Blue" (id=6tDGfCLyIJ2cGwmfsPPpyKsoJriZzV2e2gSbcGa-IKM= pos=<10480.936523, 9.583022, 4245.206543>) Left the safezone
21:47:21.187 [Chat - Global]("Blue"(id=6tDGfCLyIJ2cGwmfsPPpyKsoJriZzV2e2gSbcGa-IKM=)): Abend zusammmen ok kein ding aso  bin bisschen zufrüh dran 
21:47:35.000 [Chat - Global]("Ascot"(id=Bq1eMPNQmCjR3m0OoefiBVPgfzzwn8eiAx7N9rAB62s=)): Morgen Abend läuft alles
21:48:14.875 [Chat - Global]("Ascot"(id=Bq1eMPNQmCjR3m0OoefiBVPgfzzwn8eiAx7N9rAB62s=)): Wird aber noch paar mal neu gestartet
21:48:24.750 [Chat - Global]("Ascot"(id=Bq1eMPNQmCjR3m0OoefiBVPgfzzwn8eiAx7N9rAB62s=)): ich denke ab Samstag dann perfekt
21:48:32.375 [Chat - Global]("DasBrunzel"(id=f2l2jICD_Sczip949hvINs6OyU4Bwb7AcAdZ3Ggck4k=)): Samstag dann richtig
21:49:17.343 [Safezone] Player "Ascot" (id=Bq1eMPNQmCjR3m0OoefiBVPgfzzwn8eiAx7N9rAB62s= pos=<5691.312500, 32.114731, 5239.520020>) Left the safezone
21:49:28.750 [Safezone] Player "DasBrunzel" (id=f2l2jICD_Sczip949hvINs6OyU4Bwb7AcAdZ3Ggck4k= pos=<5703.478516, 30.336758, 5239.923340>) Left the safezone
21:51:29.921 [Safezone] Player "DasBrunzel" (id=f2l2jICD_Sczip949hvINs6OyU4Bwb7AcAdZ3Ggck4k= pos=<5685.725098, 32.574791, 5252.630859>) Entered the safezone
21:52:24.328 [Safezone] Player "Ascot" (id=Bq1eMPNQmCjR3m0OoefiBVPgfzzwn8eiAx7N9rAB62s= pos=<5678.886719, 32.594875, 5255.664063>) Entered the safezone
21:53:00.281 [AI Patrol 00021] Spawning 1 West bots at <2014.066528, 9.190000, 8886.953125>
21:53:00.312 [AI Patrol 00021] Global patrol count: 1
21:53:00.312 [AI Patrol 00016] Spawning 2 West bots at <3650.339844, 9.697874, 9282.007813>
21:53:00.343 [AI Patrol 00016] Global patrol count: 2
21:53:12.031 [Safezone] Player "Ascot" (id=Bq1eMPNQmCjR3m0OoefiBVPgfzzwn8eiAx7N9rAB62s= pos=<2942.196289, 21.693089, 8688.322266>) Left the safezone
21:53:40.546 [Safezone] Player "DasBrunzel" (id=f2l2jICD_Sczip949hvINs6OyU4Bwb7AcAdZ3Ggck4k= pos=<2987.787842, 11.462490, 8668.963867>) Left the safezone
22:01:22.593 [AI Object Patrol 00031] Spawning 3 East bots at <9939.519531, 43.360859, 3647.190430>
22:01:22.609 [AI Object Patrol 00031] Global patrol count: 3
22:05:51.531 [VehicleEnter] Player Ascot [uid=Bq1eMPNQmCjR3m0OoefiBVPgfzzwn8eiAx7N9rAB62s=] entered vehicle Olga 24 (id=82E66C678948FA00568872BBC158642D pos=<13177.746094, 34.025188, 3502.069824>) as passenger
22:05:59.562 [VehicleEnter] Player DasBrunzel [uid=f2l2jICD_Sczip949hvINs6OyU4Bwb7AcAdZ3Ggck4k=] entered vehicle Olga 24 (id=82E66C678948FA00568872BBC158642D pos=<13177.746094, 34.025177, 3502.070313>) as driver
22:06:01.718 [VehicleLeave] Player Ascot [uid=Bq1eMPNQmCjR3m0OoefiBVPgfzzwn8eiAx7N9rAB62s=] left vehicle Olga 24 (id=82E66C678948FA00568872BBC158642D pos=<13177.746094, 34.025181, 3502.070801>)
22:06:06.031 [VehicleEngine] Player DasBrunzel [uid=f2l2jICD_Sczip949hvINs6OyU4Bwb7AcAdZ3Ggck4k=] started vehicle Olga 24 (id=82E66C678948FA00568872BBC158642D pos=<13177.746094, 34.025215, 3502.073242>)
22:06:12.312 [VehicleEnter] Player Ascot [uid=Bq1eMPNQmCjR3m0OoefiBVPgfzzwn8eiAx7N9rAB62s=] entered vehicle Olga 24 (id=82E66C678948FA00568872BBC158642D pos=<13177.746094, 34.025253, 3502.073730>) as passenger
22:08:09.609 [AI Object Patrol 00005] Spawning 3 West bots at <13998.000977, 21.113068, 2304.836426>
22:08:09.640 [AI Object Patrol 00005] Global patrol count: 4
22:08:13.890 [VehicleDestroyed] CivilianSedan_Police (id=82E66C678948FA00568872BBC158642D pos=<13119.169922, 42.356709, 2683.689453>)
22:08:19.156 [VehicleLeave] Player DasBrunzel [uid=f2l2jICD_Sczip949hvINs6OyU4Bwb7AcAdZ3Ggck4k=] left vehicle Olga 24 (id=82E66C678948FA00568872BBC158642D pos=<13119.406250, 42.341511, 2684.060059>)
22:08:29.218 [VehicleEnter] Player DasBrunzel [uid=f2l2jICD_Sczip949hvINs6OyU4Bwb7AcAdZ3Ggck4k=] entered vehicle Olga 24 (id=82E66C678948FA00568872BBC158642D pos=<13119.406250, 42.341503, 2684.061279>) as driver
22:08:31.234 [VehicleLeave] Player DasBrunzel [uid=f2l2jICD_Sczip949hvINs6OyU4Bwb7AcAdZ3Ggck4k=] left vehicle Olga 24 (id=82E66C678948FA00568872BBC158642D pos=<13119.406250, 42.341537, 2684.060547>)
22:08:42.125 [VehicleEnter] Player DasBrunzel [uid=f2l2jICD_Sczip949hvINs6OyU4Bwb7AcAdZ3Ggck4k=] entered vehicle Olga 24 (id=82E66C678948FA00568872BBC158642D pos=<13119.406250, 42.341534, 2684.061035>) as driver
22:08:45.406 [VehicleLeave] Player DasBrunzel [uid=f2l2jICD_Sczip949hvINs6OyU4Bwb7AcAdZ3Ggck4k=] left vehicle Olga 24 (id=82E66C678948FA00568872BBC158642D pos=<13119.406250, 42.341522, 2684.061035>)
22:09:33.906 [VehicleLeave] Player Ascot [uid=Bq1eMPNQmCjR3m0OoefiBVPgfzzwn8eiAx7N9rAB62s=] left vehicle Olga 24 (id=82E66C678948FA00568872BBC158642D pos=<13119.406250, 42.341545, 2684.061279>)
22:09:52.500 [VehicleEnter] Player DasBrunzel [uid=f2l2jICD_Sczip949hvINs6OyU4Bwb7AcAdZ3Ggck4k=] entered vehicle Vodnik (id=53AC55A6F74C434A37B30194E954FBCC pos=<13118.268555, 42.088249, 2691.552002>) as driver
22:10:27.625 [VehicleEngine] Player DasBrunzel [uid=f2l2jICD_Sczip949hvINs6OyU4Bwb7AcAdZ3Ggck4k=] started vehicle Vodnik (id=53AC55A6F74C434A37B30194E954FBCC pos=<13118.268555, 42.088219, 2691.552002>)
22:10:41.234 [VehicleEnter] Player Ascot [uid=Bq1eMPNQmCjR3m0OoefiBVPgfzzwn8eiAx7N9rAB62s=] entered vehicle Vodnik (id=53AC55A6F74C434A37B30194E954FBCC pos=<13118.268555, 42.088245, 2691.552002>) as passenger
22:11:14.531 [AI Patrol 00021] Despawning 1 West bots (spawn position <2014.066528, 9.190000, 8886.953125>, 0/1 deceased)
22:11:14.531 [AI Patrol 00021] Global patrol count: 3
22:14:05.343 [VehicleDeleted] CivilianSedan_Police (id=82E66C678948FA00568872BBC158642D pos=<13119.406250, 42.341515, 2684.062744>)
22:14:48.625 [AI Patrol 00016] Despawning 2 West bots (spawn position <3650.339844, 9.697874, 9282.007813>, 0/2 deceased)
22:14:48.625 [AI Patrol 00016] Global patrol count: 2
22:17:18.343 [VehicleLeave] Player Ascot [uid=Bq1eMPNQmCjR3m0OoefiBVPgfzzwn8eiAx7N9rAB62s=] left vehicle Vodnik (id=53AC55A6F74C434A37B30194E954FBCC pos=<12820.269531, 42.892776, 2328.162354>)
22:17:32.093 [VehicleLeave] Player DasBrunzel [uid=f2l2jICD_Sczip949hvINs6OyU4Bwb7AcAdZ3Ggck4k=] left vehicle Vodnik (id=53AC55A6F74C434A37B30194E954FBCC pos=<12897.906250, 42.963135, 2387.504639>)
22:17:49.046 [AI Patrol 00017] Spawning 3 East bots at <9010.079102, 31.846466, 4136.270996>
22:17:49.062 [AI Patrol 00017] Global patrol count: 3
22:18:10.375 [VehicleEnter] Player DasBrunzel [uid=f2l2jICD_Sczip949hvINs6OyU4Bwb7AcAdZ3Ggck4k=] entered vehicle Vodnik (id=53AC55A6F74C434A37B30194E954FBCC pos=<12897.903320, 42.962799, 2387.527832>) as passenger
22:20:07.531 [AI Patrol 00019] Spawning 2 East bots at <9156.214844, 50.658962, 3658.703369>
22:20:07.546 [AI Patrol 00019] Global patrol count: 4
22:21:15.968 [AI Object Patrol 00031] Despawning 3 East bots (spawn position <9939.519531, 43.360859, 3647.190430>, 0/3 deceased)
22:21:15.968 [AI Object Patrol 00031] Global patrol count: 3
22:23:58.906 [Chat - Global]("Blue"(id=6tDGfCLyIJ2cGwmfsPPpyKsoJriZzV2e2gSbcGa-IKM=)): ups hab dich für npc gehalten XDXD
22:24:09.031 [Chat - Global]("Ascot"(id=Bq1eMPNQmCjR3m0OoefiBVPgfzzwn8eiAx7N9rAB62s=)): Hab God
22:24:21.812 [Chat - Global]("Ascot"(id=Bq1eMPNQmCjR3m0OoefiBVPgfzzwn8eiAx7N9rAB62s=)): sind ja am checken ob alles geht
22:27:33.953 [AI Object Patrol 00005] Despawning 3 West bots (spawn position <13998.000977, 21.113068, 2304.836426>, 0/3 deceased)
22:27:33.953 [AI Object Patrol 00005] Global patrol count: 2
22:29:43.687 [Killfeed] AI Jose (Ost) wurde von [nbz] Ascot mit G36C aus einer Distanz von 44 m erschossen.
22:30:06.875 [VehicleLeave] Player DasBrunzel [uid=f2l2jICD_Sczip949hvINs6OyU4Bwb7AcAdZ3Ggck4k=] left vehicle Vodnik (id=53AC55A6F74C434A37B30194E954FBCC pos=<12897.903320, 42.962799, 2387.527832>)
22:30:17.656 [Killfeed] AI Linda (Ost) wurde von [nbz] Ascot mit G36C aus einer Distanz von 164 m erschossen.
22:31:24.343 [Killfeed] AI Eva (Ost) wurde von [nbz] DasBrunzel mit M4-A1 aus einer Distanz von 11 m erschossen.
22:31:28.921 [Killfeed] AI Peter (Ost) wurde von [nbz] Ascot mit G36C aus einer Distanz von 39 m erschossen.
22:31:29.125 [AI Patrol 00017] East bots were wiped out (spawn position <9010.079102, 31.846466, 4136.270996>, 3/3 deceased)
22:31:29.125 [AI Patrol 00017] Global patrol count: 1
22:31:35.375 [Killfeed] AI Hassan (Ost) wurde von [nbz] DasBrunzel mit M4-A1 aus einer Distanz von 5 m erschossen.
22:31:39.468 [AI Patrol 00019] East bots were wiped out (spawn position <9156.214844, 50.658962, 3658.703369>, 2/2 deceased)
22:31:39.468 [AI Patrol 00019] Global patrol count: 0
22:34:41.437 [Killfeed] [nbz] DasBrunzel wurde von [nbz] Ascot mit G36C aus einer Distanz von 1 m erschossen.
22:35:01.125 [Chat - Global]("Ascot"(id=Bq1eMPNQmCjR3m0OoefiBVPgfzzwn8eiAx7N9rAB62s=)): Tier gehen, AI geht
22:37:09.593 [Party] Player "DasBrunzel" (id=f2l2jICD_Sczip949hvINs6OyU4Bwb7AcAdZ3Ggck4k=) joinded the party "no0bz" (id=0 ownerUID=f2l2jICD_Sczip949hvINs6OyU4Bwb7AcAdZ3Ggck4k= ownerName=Brunzel)
22:37:17.015 [SpawnSelection] Player "DasBrunzel" (id=f2l2jICD_Sczip949hvINs6OyU4Bwb7AcAdZ3Ggck4k=) spawned at <10813.910156, 1.885007, 4589.654297>
22:40:25.546 [VehicleEnter] Player DasBrunzel [uid=f2l2jICD_Sczip949hvINs6OyU4Bwb7AcAdZ3Ggck4k=] entered vehicle Mh-6 Little Bird (id=4F713CA0B0427E17D925BD86FCB3FFA0 pos=<5660.843750, 74.058800, 3650.582275>) as pilot
22:40:30.875 [VehicleEngine] Player DasBrunzel [uid=f2l2jICD_Sczip949hvINs6OyU4Bwb7AcAdZ3Ggck4k=] started vehicle Mh-6 Little Bird (id=4F713CA0B0427E17D925BD86FCB3FFA0 pos=<5660.843750, 74.058395, 3650.582764>)
22:40:32.500 [VehicleEnter] Player Ascot [uid=Bq1eMPNQmCjR3m0OoefiBVPgfzzwn8eiAx7N9rAB62s=] entered vehicle Mh-6 Little Bird (id=4F713CA0B0427E17D925BD86FCB3FFA0 pos=<5660.843750, 74.058266, 3650.582764>) as passenger
22:41:00.750 [MissionAirdrop] An airdrop is heading towards "Westbrook" (pos=<3614.000000, 0.000000, 6360.000000> type=Random_Westbrook) with a ExpansionAirdropContainer
22:41:10.531 [AI Patrol 00011] Spawning 3 East bots at <5826.893555, 73.517159, 3350.173584>
22:41:10.562 [AI Patrol 00011] Global patrol count: 1
22:41:25.187 [AI Object Patrol 00032] Spawning 2 East bots at <5513.637207, 74.000000, 3463.772949>
22:41:25.218 [AI Object Patrol 00032] Global patrol count: 2
22:43:41.625 [AI Object Patrol 00032] Despawning 2 East bots (spawn position <5513.637207, 74.000000, 3463.772949>, 0/2 deceased)
22:43:41.625 [AI Object Patrol 00032] Global patrol count: 1
22:44:22.968 [VehicleEngine] Player DasBrunzel [uid=f2l2jICD_Sczip949hvINs6OyU4Bwb7AcAdZ3Ggck4k=] stopped vehicle Mh-6 Little Bird (id=4F713CA0B0427E17D925BD86FCB3FFA0 pos=<3536.846436, 21.887636, 6088.029785>)
22:44:31.125 [VehicleLeave] Player DasBrunzel [uid=f2l2jICD_Sczip949hvINs6OyU4Bwb7AcAdZ3Ggck4k=] left vehicle Mh-6 Little Bird (id=4F713CA0B0427E17D925BD86FCB3FFA0 pos=<3536.507080, 21.089729, 6088.660156>)
22:44:35.093 [VehicleLeave] Player Ascot [uid=Bq1eMPNQmCjR3m0OoefiBVPgfzzwn8eiAx7N9rAB62s=] left vehicle Mh-6 Little Bird (id=4F713CA0B0427E17D925BD86FCB3FFA0 pos=<3536.514404, 21.089283, 6088.662109>)
22:46:33.265 [VehicleEnter] Player Ascot [uid=Bq1eMPNQmCjR3m0OoefiBVPgfzzwn8eiAx7N9rAB62s=] entered vehicle M3S mit Abdeckung (id=F304AACB814878260C82DE8D4DA15B92 pos=<3580.272217, 22.287153, 6221.030273>) as driver
22:46:40.812 [VehicleEngine] Player Ascot [uid=Bq1eMPNQmCjR3m0OoefiBVPgfzzwn8eiAx7N9rAB62s=] started vehicle M3S mit Abdeckung (id=F304AACB814878260C82DE8D4DA15B92 pos=<3580.309570, 22.371677, 6221.031738>)
22:47:44.625 [VehicleLeave] Player Ascot [uid=Bq1eMPNQmCjR3m0OoefiBVPgfzzwn8eiAx7N9rAB62s=] left vehicle M3S mit Abdeckung (id=F304AACB814878260C82DE8D4DA15B92 pos=<3360.546143, 22.371319, 6294.846680>)
22:49:15.468 [Killfeed] AI Überlebender (Plünderer) wurde von [nbz] DasBrunzel mit G36C aus einer Distanz von 42 m erschossen.
22:49:44.437 [Killfeed] AI Überlebender (Plünderer) wurde von [nbz] DasBrunzel mit G36C aus einer Distanz von 39 m erschossen.
22:49:44.593 [Killfeed] AI Überlebender (Plünderer) wurde von [nbz] DasBrunzel mit G36C aus einer Distanz von 40 m erschossen.
22:49:46.312 [Killfeed] AI Überlebender (Plünderer) wurde von [nbz] DasBrunzel mit G36C aus einer Distanz von 39 m erschossen.
22:50:00.000 [Killfeed] AI Überlebender (Plünderer) wurde von [nbz] DasBrunzel mit G36C aus einer Distanz von 33 m erschossen.
22:50:22.218 [Killfeed] AI Überlebender (Plünderer) wurde von AI Überlebender (Plünderer) mit bloßen Fäusten zu Brei geprügelt.
22:50:27.312 [Killfeed] AI Überlebender (Plünderer) wurde von AI Überlebender (Plünderer) mit bloßen Fäusten zu Brei geprügelt.
22:50:27.843 [VehicleEnter] Player Ascot [uid=Bq1eMPNQmCjR3m0OoefiBVPgfzzwn8eiAx7N9rAB62s=] entered vehicle Gunter 2 (id=E680D1217A4786AE4E731F94D0BF2213 pos=<3152.395508, 22.127323, 6338.742676>) as driver
22:50:28.390 [Killfeed] AI Überlebender (Plünderer) wurde von AI Überlebender (Plünderer) mit bloßen Fäusten zu Brei geprügelt.
22:50:30.265 [Killfeed] AI Überlebender (Plünderer) wurde von AI Überlebender (Plünderer) mit bloßen Fäusten zu Brei geprügelt.
22:50:31.046 [Killfeed] AI Überlebender (Plünderer) wurde von AI Überlebender (Plünderer) mit bloßen Fäusten zu Brei geprügelt.
22:50:32.468 [Killfeed] AI Überlebender (Plünderer) wurde von AI Überlebender (Plünderer) mit bloßen Fäusten zu Brei geprügelt.
22:50:35.609 [Killfeed] AI Überlebender (Plünderer) wurde von AI Überlebender (Plünderer) mit bloßen Fäusten zu Brei geprügelt.
22:50:36.890 [Killfeed] AI Überlebender (Plünderer) wurde von AI Überlebender (Plünderer) mit bloßen Fäusten zu Brei geprügelt.
22:50:38.593 [Killfeed] AI Überlebender (Plünderer) wurde von [nbz] DasBrunzel mit G36C aus einer Distanz von 26 m erschossen.
22:50:39.156 [Killfeed] AI Überlebender (Plünderer) wurde von AI Überlebender (Plünderer) mit bloßen Fäusten zu Brei geprügelt.
22:50:41.656 [VehicleEngine] Player Ascot [uid=Bq1eMPNQmCjR3m0OoefiBVPgfzzwn8eiAx7N9rAB62s=] started vehicle Gunter 2 (id=E680D1217A4786AE4E731F94D0BF2213 pos=<3152.395508, 22.200897, 6338.741699>)
22:50:42.125 [Killfeed] AI Überlebender (Plünderer) wurde von [nbz] DasBrunzel mit G36C aus einer Distanz von 34 m erschossen.
22:50:42.203 [Killfeed] AI Überlebender (Plünderer) wurde von [nbz] DasBrunzel mit G36C aus einer Distanz von 34 m erschossen.
22:50:42.375 [Killfeed] AI Überlebender (Plünderer) wurde von AI Überlebender (Plünderer) mit bloßen Fäusten zu Brei geprügelt.
22:50:47.078 [Killfeed] AI Überlebender (Plünderer) wurde von [nbz] DasBrunzel mit G36C aus einer Distanz von 32 m erschossen.
22:50:59.031 [Killfeed] AI Überlebender (Plünderer) wurde von AI Überlebender (Plünderer) mit bloßen Fäusten zu Brei geprügelt.
22:51:03.500 [Killfeed] AI Überlebender (Plünderer) wurde von AI Überlebender (Plünderer) mit bloßen Fäusten zu Brei geprügelt.
22:51:06.187 [Killfeed] AI Überlebender (Plünderer) wurde von AI Überlebender (Plünderer) mit bloßen Fäusten zu Brei geprügelt.
22:51:07.906 [Killfeed] AI Überlebender (Plünderer) wurde von AI Überlebender (Plünderer) mit bloßen Fäusten zu Brei geprügelt.
22:51:11.250 [Killfeed] AI Überlebender (Plünderer) wurde von [nbz] DasBrunzel mit G36C aus einer Distanz von 33 m erschossen.
22:51:13.781 [Killfeed] AI Überlebender (Plünderer) wurde von [nbz] DasBrunzel mit G36C aus einer Distanz von 34 m erschossen.
22:51:15.843 [Killfeed] AI Überlebender (Plünderer) wurde von [nbz] DasBrunzel mit G36C aus einer Distanz von 34 m erschossen.
22:51:15.937 [Killfeed] AI Überlebender (Plünderer) wurde von [nbz] DasBrunzel mit G36C aus einer Distanz von 35 m erschossen.
22:51:16.375 [Killfeed] AI Überlebender (Plünderer) wurde von [nbz] DasBrunzel mit G36C aus einer Distanz von 33 m erschossen.
22:51:29.328 [Killfeed] AI Überlebender (Plünderer) wurde von [nbz] DasBrunzel mit G36C aus einer Distanz von 34 m erschossen.
22:51:44.062 [AI Patrol 00011] Despawning 3 East bots (spawn position <5826.893555, 73.517159, 3350.173584>, 0/3 deceased)
22:51:44.062 [AI Patrol 00011] Global patrol count: 0
22:53:15.703 [Killfeed] AI Überlebender (Plünderer) wurde von AI Überlebender (Plünderer) mit bloßen Fäusten zu Brei geprügelt.
22:53:20.968 [Killfeed] AI Überlebender (Plünderer) wurde von AI Überlebender (Plünderer) mit bloßen Fäusten zu Brei geprügelt.
22:53:21.375 [Killfeed] AI Überlebender (Plünderer) wurde von AI Überlebender (Plünderer) mit bloßen Fäusten zu Brei geprügelt.
22:53:22.765 [Killfeed] AI Überlebender (Plünderer) wurde von AI Überlebender (Plünderer) mit bloßen Fäusten zu Brei geprügelt.
22:53:22.875 [Killfeed] AI Überlebender (Plünderer) wurde von AI Überlebender (Plünderer) mit bloßen Fäusten zu Brei geprügelt.
22:53:23.218 [VehicleLeave] Player Ascot [uid=Bq1eMPNQmCjR3m0OoefiBVPgfzzwn8eiAx7N9rAB62s=] left vehicle Gunter 2 (id=E680D1217A4786AE4E731F94D0BF2213 pos=<3523.119385, 24.150198, 6413.064453>)
22:53:25.921 [Killfeed] AI Überlebender (Plünderer) wurde von AI Überlebender (Plünderer) mit bloßen Fäusten zu Brei geprügelt.
22:53:28.156 [Killfeed] AI Überlebender (Plünderer) wurde von AI Überlebender (Plünderer) mit bloßen Fäusten zu Brei geprügelt.
22:53:28.765 [Killfeed] AI Überlebender (Plünderer) wurde von AI Überlebender (Plünderer) mit bloßen Fäusten zu Brei geprügelt.
22:53:28.812 [Killfeed] AI Überlebender (Plünderer) wurde von AI Überlebender (Plünderer) mit bloßen Fäusten zu Brei geprügelt.
22:53:28.953 [Killfeed] AI Überlebender (Plünderer) wurde von AI Überlebender (Plünderer) mit bloßen Fäusten zu Brei geprügelt.
22:53:31.562 [Killfeed] AI Überlebender (Plünderer) wurde von AI Überlebender (Plünderer) mit bloßen Fäusten zu Brei geprügelt.
22:53:31.843 [Killfeed] AI Überlebender (Plünderer) wurde von AI Überlebender (Plünderer) mit bloßen Fäusten zu Brei geprügelt.
22:53:33.015 [Killfeed] AI Überlebender (Plünderer) wurde von AI Überlebender (Plünderer) mit bloßen Fäusten zu Brei geprügelt.
22:53:37.046 [Killfeed] AI Überlebender (Plünderer) wurde von AI Überlebender (Plünderer) mit bloßen Fäusten zu Brei geprügelt.
22:53:57.906 [Killfeed] AI Überlebender (Plünderer) wurde von AI Überlebender (Plünderer) mit bloßen Fäusten zu Brei geprügelt.
22:53:59.828 [Killfeed] AI Überlebender (Plünderer) wurde von AI Überlebender (Plünderer) mit bloßen Fäusten zu Brei geprügelt.
22:54:03.968 [Killfeed] AI Überlebender (Plünderer) wurde von AI Überlebender (Plünderer) mit bloßen Fäusten zu Brei geprügelt.
22:54:08.468 [Killfeed] AI Überlebender (Plünderer) wurde von AI Überlebender (Plünderer) mit bloßen Fäusten zu Brei geprügelt.
22:54:09.421 [Killfeed] AI Überlebender (Plünderer) wurde von AI Überlebender (Plünderer) mit bloßen Fäusten zu Brei geprügelt.
22:54:09.906 [Killfeed] AI Überlebender (Plünderer) wurde von AI Überlebender (Plünderer) mit bloßen Fäusten zu Brei geprügelt.
22:54:11.828 [Killfeed] AI Überlebender (Plünderer) wurde von AI Überlebender (Plünderer) mit bloßen Fäusten zu Brei geprügelt.
22:54:15.812 [Killfeed] AI Überlebender (Plünderer) wurde von AI Überlebender (Plünderer) mit bloßen Fäusten zu Brei geprügelt.
22:54:23.750 [Killfeed] AI Überlebender (Plünderer) wurde von AI Überlebender (Plünderer) mit bloßen Fäusten zu Brei geprügelt.
22:54:26.796 [Killfeed] AI Überlebender (Plünderer) wurde von AI Überlebender (Plünderer) mit bloßen Fäusten zu Brei geprügelt.
22:54:59.015 [Killfeed] AI Überlebender (Plünderer) wurde von AI Überlebender (Plünderer) mit bloßen Fäusten zu Brei geprügelt.
22:56:21.875 [Killfeed] AI Überlebender (Plünderer) wurde von einem Infizierten getötet.
22:57:15.312 [Killfeed] AI Überlebender (Plünderer) ist verblutet.
22:57:47.312 [Killfeed] AI Überlebender (Plünderer) wurde von [nbz] Ascot mit BK-133 aus einer Distanz von 8 m erschossen.
22:57:51.515 [Killfeed] Mirek wurde von AI Überlebender (Plünderer) mit bloßen Fäusten zu Brei geprügelt.
22:57:53.781 [Killfeed] AI Überlebender (Plünderer) wurde von AI Überlebender (Plünderer) mit bloßen Fäusten zu Brei geprügelt.
22:57:55.218 [Killfeed] AI Überlebender (Plünderer) wurde von [nbz] DasBrunzel mit BK-133 aus einer Distanz von 10 m erschossen.
22:58:04.062 [Killfeed] AI Überlebender (Plünderer) wurde von [nbz] DasBrunzel mit BK-133 aus einer Distanz von 3 m erschossen.
22:58:04.093 [Killfeed] AI Überlebender (Plünderer) wurde von [nbz] Ascot mit BK-133 aus einer Distanz von 2 m erschossen.
22:58:07.375 [Killfeed] AI Überlebender (Plünderer) wurde von [nbz] DasBrunzel mit BK-133 aus einer Distanz von 6 m erschossen.
22:58:11.656 [Killfeed] AI Überlebender (Plünderer) wurde von [nbz] DasBrunzel mit BK-133 aus einer Distanz von 4 m erschossen.
23:00:04.921 [Killfeed] AI Überlebender (Plünderer) wurde von AI Überlebender (Plünderer) mit bloßen Fäusten zu Brei geprügelt.
23:01:58.500 [Party] Player "Ascot" (id=Bq1eMPNQmCjR3m0OoefiBVPgfzzwn8eiAx7N9rAB62s=) left the party "no0bz" (id=0 ownerUID=f2l2jICD_Sczip949hvINs6OyU4Bwb7AcAdZ3Ggck4k= ownerName=Brunzel)
23:01:59.875 [Party] Player "DasBrunzel" (id=f2l2jICD_Sczip949hvINs6OyU4Bwb7AcAdZ3Ggck4k=) left the party "no0bz" (id=0 ownerUID=f2l2jICD_Sczip949hvINs6OyU4Bwb7AcAdZ3Ggck4k= ownerName=Brunzel)
23:04:48.156 [Party] Player "Blue" (id=6tDGfCLyIJ2cGwmfsPPpyKsoJriZzV2e2gSbcGa-IKM=) left the party "Shadow Infinite" (id=5 ownerUID=6tDGfCLyIJ2cGwmfsPPpyKsoJriZzV2e2gSbcGa-IKM= ownerName=Blue)
