2024-10-29T14:39:00Z [AreaTriggerEvents] 'AreaTriggerEvents.json' does not exist, creating default config
2024-10-29T14:39:00Z [AreaTriggerEvents] Created trigger ArcticCrypt at 15621 231.4 14845 ori: 0 0 0
2024-10-29T14:39:00Z [AreaTriggerEvents] Created trigger ArcticCrypt2 at 15640 258.6 14828 ori: 0 0 0
2024-10-29T14:39:00Z [AreaTriggerEvents] Created trigger ArcticCrypt3 at 15642 208.9 14788 ori: 0 0 0
2024-10-29T14:39:00Z [AreaTriggerEvents] Created trigger KMUCMain at 7059 573.5 11620 ori: 0 0 0
2024-10-29T14:39:00Z [AreaTriggerEvents] Created trigger KMUCMainBottom at 7249 224.8 11617 ori: 0 0 0
2024-10-29T14:39:00Z [AreaTriggerEvents] Created trigger TempleBridgeJump at 371 49.6 526 ori: 0 0 0
2024-10-29T14:39:00Z [AreaTriggerEvents] Created trigger TempleOutsideTop1 at 739.5 38 483 ori: 0 0 0
2024-10-29T14:39:00Z [AreaTriggerEvents] Created trigger TempleOutsideTop2 at 670 49.5 306 ori: 0 0 0
2024-10-29T14:39:00Z [AreaTriggerEvents] Created trigger TempleWolfTrap at 591 14.3 390 ori: 0 0 0
2024-10-29T14:39:00Z [AreaTriggerEvents] Created trigger TempleInside1 at 865 19.2 410 ori: 0 0 0
2024-10-29T14:39:00Z [AreaTriggerEvents] Created trigger TempleInside2 at 828 38 484 ori: 0 0 0
2024-10-29T14:39:00Z [AreaTriggerEvents] Created trigger TempleHammerTrigger at 366 54.3 868 ori: 0 0 0
2024-10-29T14:39:00Z [AreaTriggerEvents] Created trigger TemplePartB1 at 405 130 1517 ori: 0 0 0
2024-10-29T14:39:00Z [AreaTriggerEvents] Created trigger TemplePartB2 at 417 2.4 1591 ori: 0 0 0
2024-10-29T15:15:22Z [AreaTriggerEvents] Created trigger ArcticCrypt at 15621 231.4 14845 ori: 0 0 0
2024-10-29T15:15:22Z [AreaTriggerEvents] Created trigger ArcticCrypt2 at 15640 258.6 14828 ori: 0 0 0
2024-10-29T15:15:22Z [AreaTriggerEvents] Created trigger ArcticCrypt3 at 15642 208.9 14788 ori: 0 0 0
2024-10-29T15:15:22Z [AreaTriggerEvents] Created trigger KMUCMain at 7059 573.5 11620 ori: 0 0 0
2024-10-29T15:15:22Z [AreaTriggerEvents] Created trigger KMUCMainBottom at 7249 224.8 11617 ori: 0 0 0
2024-10-29T15:15:22Z [AreaTriggerEvents] Created trigger TempleBridgeJump at 371 49.6 526 ori: 0 0 0
2024-10-29T15:15:22Z [AreaTriggerEvents] Created trigger TempleOutsideTop1 at 739.5 38 483 ori: 0 0 0
2024-10-29T15:15:22Z [AreaTriggerEvents] Created trigger TempleOutsideTop2 at 670 49.5 306 ori: 0 0 0
2024-10-29T15:15:22Z [AreaTriggerEvents] Created trigger TempleWolfTrap at 591 14.3 390 ori: 0 0 0
2024-10-29T15:15:22Z [AreaTriggerEvents] Created trigger TempleInside1 at 865 19.2 410 ori: 0 0 0
2024-10-29T15:15:22Z [AreaTriggerEvents] Created trigger TempleInside2 at 828 38 484 ori: 0 0 0
2024-10-29T15:15:22Z [AreaTriggerEvents] Created trigger TempleHammerTrigger at 366 54.3 868 ori: 0 0 0
2024-10-29T15:15:22Z [AreaTriggerEvents] Created trigger TemplePartB1 at 405 130 1517 ori: 0 0 0
2024-10-29T15:15:22Z [AreaTriggerEvents] Created trigger TemplePartB2 at 417 2.4 1591 ori: 0 0 0
2024-10-29T15:59:18Z [AreaTriggerEvents] Created trigger ArcticCrypt at 15621 231.4 14845 ori: 0 0 0
2024-10-29T15:59:18Z [AreaTriggerEvents] Created trigger ArcticCrypt2 at 15640 258.6 14828 ori: 0 0 0
2024-10-29T15:59:18Z [AreaTriggerEvents] Created trigger ArcticCrypt3 at 15642 208.9 14788 ori: 0 0 0
2024-10-29T15:59:18Z [AreaTriggerEvents] Created trigger KMUCMain at 7059 573.5 11620 ori: 0 0 0
2024-10-29T15:59:18Z [AreaTriggerEvents] Created trigger KMUCMainBottom at 7249 224.8 11617 ori: 0 0 0
2024-10-29T15:59:18Z [AreaTriggerEvents] Created trigger TempleBridgeJump at 371 49.6 526 ori: 0 0 0
2024-10-29T15:59:18Z [AreaTriggerEvents] Created trigger TempleOutsideTop1 at 739.5 38 483 ori: 0 0 0
2024-10-29T15:59:18Z [AreaTriggerEvents] Created trigger TempleOutsideTop2 at 670 49.5 306 ori: 0 0 0
2024-10-29T15:59:18Z [AreaTriggerEvents] Created trigger TempleWolfTrap at 591 14.3 390 ori: 0 0 0
2024-10-29T15:59:18Z [AreaTriggerEvents] Created trigger TempleInside1 at 865 19.2 410 ori: 0 0 0
2024-10-29T15:59:18Z [AreaTriggerEvents] Created trigger TempleInside2 at 828 38 484 ori: 0 0 0
2024-10-29T15:59:18Z [AreaTriggerEvents] Created trigger TempleHammerTrigger at 366 54.3 868 ori: 0 0 0
2024-10-29T15:59:18Z [AreaTriggerEvents] Created trigger TemplePartB1 at 405 130 1517 ori: 0 0 0
2024-10-29T15:59:18Z [AreaTriggerEvents] Created trigger TemplePartB2 at 417 2.4 1591 ori: 0 0 0
2024-10-29T16:03:11Z [AreaTriggerEvents] Created trigger ArcticCrypt at 15621 231.4 14845 ori: 0 0 0
2024-10-29T16:03:11Z [AreaTriggerEvents] Created trigger ArcticCrypt2 at 15640 258.6 14828 ori: 0 0 0
2024-10-29T16:03:11Z [AreaTriggerEvents] Created trigger ArcticCrypt3 at 15642 208.9 14788 ori: 0 0 0
2024-10-29T16:03:11Z [AreaTriggerEvents] Created trigger KMUCMain at 7059 573.5 11620 ori: 0 0 0
2024-10-29T16:03:11Z [AreaTriggerEvents] Created trigger KMUCMainBottom at 7249 224.8 11617 ori: 0 0 0
2024-10-29T16:03:11Z [AreaTriggerEvents] Created trigger TempleBridgeJump at 371 49.6 526 ori: 0 0 0
2024-10-29T16:03:11Z [AreaTriggerEvents] Created trigger TempleOutsideTop1 at 739.5 38 483 ori: 0 0 0
2024-10-29T16:03:11Z [AreaTriggerEvents] Created trigger TempleOutsideTop2 at 670 49.5 306 ori: 0 0 0
2024-10-29T16:03:11Z [AreaTriggerEvents] Created trigger TempleWolfTrap at 591 14.3 390 ori: 0 0 0
2024-10-29T16:03:11Z [AreaTriggerEvents] Created trigger TempleInside1 at 865 19.2 410 ori: 0 0 0
2024-10-29T16:03:11Z [AreaTriggerEvents] Created trigger TempleInside2 at 828 38 484 ori: 0 0 0
2024-10-29T16:03:11Z [AreaTriggerEvents] Created trigger TempleHammerTrigger at 366 54.3 868 ori: 0 0 0
2024-10-29T16:03:11Z [AreaTriggerEvents] Created trigger TemplePartB1 at 405 130 1517 ori: 0 0 0
2024-10-29T16:03:11Z [AreaTriggerEvents] Created trigger TemplePartB2 at 417 2.4 1591 ori: 0 0 0
2024-10-29T16:14:06Z [AreaTriggerEvents] Created trigger ArcticCrypt at 15621 231.4 14845 ori: 0 0 0
2024-10-29T16:14:06Z [AreaTriggerEvents] Created trigger ArcticCrypt2 at 15640 258.6 14828 ori: 0 0 0
2024-10-29T16:14:06Z [AreaTriggerEvents] Created trigger ArcticCrypt3 at 15642 208.9 14788 ori: 0 0 0
2024-10-29T16:14:06Z [AreaTriggerEvents] Created trigger KMUCMain at 7059 573.5 11620 ori: 0 0 0
2024-10-29T16:14:06Z [AreaTriggerEvents] Created trigger KMUCMainBottom at 7249 224.8 11617 ori: 0 0 0
2024-10-29T16:14:06Z [AreaTriggerEvents] Created trigger TempleBridgeJump at 371 49.6 526 ori: 0 0 0
2024-10-29T16:14:06Z [AreaTriggerEvents] Created trigger TempleOutsideTop1 at 739.5 38 483 ori: 0 0 0
2024-10-29T16:14:06Z [AreaTriggerEvents] Created trigger TempleOutsideTop2 at 670 49.5 306 ori: 0 0 0
2024-10-29T16:14:06Z [AreaTriggerEvents] Created trigger TempleWolfTrap at 591 14.3 390 ori: 0 0 0
2024-10-29T16:14:06Z [AreaTriggerEvents] Created trigger TempleInside1 at 865 19.2 410 ori: 0 0 0
2024-10-29T16:14:06Z [AreaTriggerEvents] Created trigger TempleInside2 at 828 38 484 ori: 0 0 0
2024-10-29T16:14:06Z [AreaTriggerEvents] Created trigger TempleHammerTrigger at 366 54.3 868 ori: 0 0 0
2024-10-29T16:14:06Z [AreaTriggerEvents] Created trigger TemplePartB1 at 405 130 1517 ori: 0 0 0
2024-10-29T16:14:06Z [AreaTriggerEvents] Created trigger TemplePartB2 at 417 2.4 1591 ori: 0 0 0
2024-10-29T16:16:44Z [AreaTriggerEvents] Created trigger ArcticCrypt at 15621 231.4 14845 ori: 0 0 0
2024-10-29T16:16:44Z [AreaTriggerEvents] Created trigger ArcticCrypt2 at 15640 258.6 14828 ori: 0 0 0
2024-10-29T16:16:44Z [AreaTriggerEvents] Created trigger ArcticCrypt3 at 15642 208.9 14788 ori: 0 0 0
2024-10-29T16:16:44Z [AreaTriggerEvents] Created trigger KMUCMain at 7059 573.5 11620 ori: 0 0 0
2024-10-29T16:16:44Z [AreaTriggerEvents] Created trigger KMUCMainBottom at 7249 224.8 11617 ori: 0 0 0
2024-10-29T16:16:44Z [AreaTriggerEvents] Created trigger TempleBridgeJump at 371 49.6 526 ori: 0 0 0
2024-10-29T16:16:44Z [AreaTriggerEvents] Created trigger TempleOutsideTop1 at 739.5 38 483 ori: 0 0 0
2024-10-29T16:16:44Z [AreaTriggerEvents] Created trigger TempleOutsideTop2 at 670 49.5 306 ori: 0 0 0
2024-10-29T16:16:44Z [AreaTriggerEvents] Created trigger TempleWolfTrap at 591 14.3 390 ori: 0 0 0
2024-10-29T16:16:44Z [AreaTriggerEvents] Created trigger TempleInside1 at 865 19.2 410 ori: 0 0 0
2024-10-29T16:16:44Z [AreaTriggerEvents] Created trigger TempleInside2 at 828 38 484 ori: 0 0 0
2024-10-29T16:16:44Z [AreaTriggerEvents] Created trigger TempleHammerTrigger at 366 54.3 868 ori: 0 0 0
2024-10-29T16:16:44Z [AreaTriggerEvents] Created trigger TemplePartB1 at 405 130 1517 ori: 0 0 0
2024-10-29T16:16:44Z [AreaTriggerEvents] Created trigger TemplePartB2 at 417 2.4 1591 ori: 0 0 0
2024-10-29T16:25:27Z [AreaTriggerEvents] Created trigger ArcticCrypt at 15621 231.4 14845 ori: 0 0 0
2024-10-29T16:25:27Z [AreaTriggerEvents] Created trigger ArcticCrypt2 at 15640 258.6 14828 ori: 0 0 0
2024-10-29T16:25:27Z [AreaTriggerEvents] Created trigger ArcticCrypt3 at 15642 208.9 14788 ori: 0 0 0
2024-10-29T16:25:27Z [AreaTriggerEvents] Created trigger KMUCMain at 7059 573.5 11620 ori: 0 0 0
2024-10-29T16:25:27Z [AreaTriggerEvents] Created trigger KMUCMainBottom at 7249 224.8 11617 ori: 0 0 0
2024-10-29T16:25:27Z [AreaTriggerEvents] Created trigger TempleBridgeJump at 371 49.6 526 ori: 0 0 0
2024-10-29T16:25:27Z [AreaTriggerEvents] Created trigger TempleOutsideTop1 at 739.5 38 483 ori: 0 0 0
2024-10-29T16:25:27Z [AreaTriggerEvents] Created trigger TempleOutsideTop2 at 670 49.5 306 ori: 0 0 0
2024-10-29T16:25:27Z [AreaTriggerEvents] Created trigger TempleWolfTrap at 591 14.3 390 ori: 0 0 0
2024-10-29T16:25:27Z [AreaTriggerEvents] Created trigger TempleInside1 at 865 19.2 410 ori: 0 0 0
2024-10-29T16:25:27Z [AreaTriggerEvents] Created trigger TempleInside2 at 828 38 484 ori: 0 0 0
2024-10-29T16:25:27Z [AreaTriggerEvents] Created trigger TempleHammerTrigger at 366 54.3 868 ori: 0 0 0
2024-10-29T16:25:27Z [AreaTriggerEvents] Created trigger TemplePartB1 at 405 130 1517 ori: 0 0 0
2024-10-29T16:25:27Z [AreaTriggerEvents] Created trigger TemplePartB2 at 417 2.4 1591 ori: 0 0 0
2024-10-29T16:28:57Z [AreaTriggerEvents] Created trigger ArcticCrypt at 15621 231.4 14845 ori: 0 0 0
2024-10-29T16:28:57Z [AreaTriggerEvents] Created trigger ArcticCrypt2 at 15640 258.6 14828 ori: 0 0 0
2024-10-29T16:28:57Z [AreaTriggerEvents] Created trigger ArcticCrypt3 at 15642 208.9 14788 ori: 0 0 0
2024-10-29T16:28:57Z [AreaTriggerEvents] Created trigger KMUCMain at 7059 573.5 11620 ori: 0 0 0
2024-10-29T16:28:57Z [AreaTriggerEvents] Created trigger KMUCMainBottom at 7249 224.8 11617 ori: 0 0 0
2024-10-29T16:28:57Z [AreaTriggerEvents] Created trigger TempleBridgeJump at 371 49.6 526 ori: 0 0 0
2024-10-29T16:28:57Z [AreaTriggerEvents] Created trigger TempleOutsideTop1 at 739.5 38 483 ori: 0 0 0
2024-10-29T16:28:57Z [AreaTriggerEvents] Created trigger TempleOutsideTop2 at 670 49.5 306 ori: 0 0 0
2024-10-29T16:28:57Z [AreaTriggerEvents] Created trigger TempleWolfTrap at 591 14.3 390 ori: 0 0 0
2024-10-29T16:28:57Z [AreaTriggerEvents] Created trigger TempleInside1 at 865 19.2 410 ori: 0 0 0
2024-10-29T16:28:57Z [AreaTriggerEvents] Created trigger TempleInside2 at 828 38 484 ori: 0 0 0
2024-10-29T16:28:57Z [AreaTriggerEvents] Created trigger TempleHammerTrigger at 366 54.3 868 ori: 0 0 0
2024-10-29T16:28:57Z [AreaTriggerEvents] Created trigger TemplePartB1 at 405 130 1517 ori: 0 0 0
2024-10-29T16:28:57Z [AreaTriggerEvents] Created trigger TemplePartB2 at 417 2.4 1591 ori: 0 0 0
2024-10-29T16:34:44Z [AreaTriggerEvents] Created trigger ArcticCrypt at 15621 231.4 14845 ori: 0 0 0
2024-10-29T16:34:44Z [AreaTriggerEvents] Created trigger ArcticCrypt2 at 15640 258.6 14828 ori: 0 0 0
2024-10-29T16:34:44Z [AreaTriggerEvents] Created trigger ArcticCrypt3 at 15642 208.9 14788 ori: 0 0 0
2024-10-29T16:34:44Z [AreaTriggerEvents] Created trigger KMUCMain at 7059 573.5 11620 ori: 0 0 0
2024-10-29T16:34:44Z [AreaTriggerEvents] Created trigger KMUCMainBottom at 7249 224.8 11617 ori: 0 0 0
2024-10-29T16:34:44Z [AreaTriggerEvents] Created trigger TempleBridgeJump at 371 49.6 526 ori: 0 0 0
2024-10-29T16:34:44Z [AreaTriggerEvents] Created trigger TempleOutsideTop1 at 739.5 38 483 ori: 0 0 0
2024-10-29T16:34:44Z [AreaTriggerEvents] Created trigger TempleOutsideTop2 at 670 49.5 306 ori: 0 0 0
2024-10-29T16:34:44Z [AreaTriggerEvents] Created trigger TempleWolfTrap at 591 14.3 390 ori: 0 0 0
2024-10-29T16:34:44Z [AreaTriggerEvents] Created trigger TempleInside1 at 865 19.2 410 ori: 0 0 0
2024-10-29T16:34:44Z [AreaTriggerEvents] Created trigger TempleInside2 at 828 38 484 ori: 0 0 0
2024-10-29T16:34:44Z [AreaTriggerEvents] Created trigger TempleHammerTrigger at 366 54.3 868 ori: 0 0 0
2024-10-29T16:34:44Z [AreaTriggerEvents] Created trigger TemplePartB1 at 405 130 1517 ori: 0 0 0
2024-10-29T16:34:44Z [AreaTriggerEvents] Created trigger TemplePartB2 at 417 2.4 1591 ori: 0 0 0
2024-10-29T16:43:55Z [AreaTriggerEvents] Created trigger ArcticCrypt at 15621 231.4 14845 ori: 0 0 0
2024-10-29T16:43:55Z [AreaTriggerEvents] Created trigger ArcticCrypt2 at 15640 258.6 14828 ori: 0 0 0
2024-10-29T16:43:55Z [AreaTriggerEvents] Created trigger ArcticCrypt3 at 15642 208.9 14788 ori: 0 0 0
2024-10-29T16:43:55Z [AreaTriggerEvents] Created trigger KMUCMain at 7059 573.5 11620 ori: 0 0 0
2024-10-29T16:43:55Z [AreaTriggerEvents] Created trigger KMUCMainBottom at 7249 224.8 11617 ori: 0 0 0
2024-10-29T16:43:55Z [AreaTriggerEvents] Created trigger TempleBridgeJump at 371 49.6 526 ori: 0 0 0
2024-10-29T16:43:55Z [AreaTriggerEvents] Created trigger TempleOutsideTop1 at 739.5 38 483 ori: 0 0 0
2024-10-29T16:43:55Z [AreaTriggerEvents] Created trigger TempleOutsideTop2 at 670 49.5 306 ori: 0 0 0
2024-10-29T16:43:55Z [AreaTriggerEvents] Created trigger TempleWolfTrap at 591 14.3 390 ori: 0 0 0
2024-10-29T16:43:55Z [AreaTriggerEvents] Created trigger TempleInside1 at 865 19.2 410 ori: 0 0 0
2024-10-29T16:43:55Z [AreaTriggerEvents] Created trigger TempleInside2 at 828 38 484 ori: 0 0 0
2024-10-29T16:43:55Z [AreaTriggerEvents] Created trigger TempleHammerTrigger at 366 54.3 868 ori: 0 0 0
2024-10-29T16:43:55Z [AreaTriggerEvents] Created trigger TemplePartB1 at 405 130 1517 ori: 0 0 0
2024-10-29T16:43:55Z [AreaTriggerEvents] Created trigger TemplePartB2 at 417 2.4 1591 ori: 0 0 0
2024-10-29T16:51:17Z [AreaTriggerEvents] Created trigger ArcticCrypt at 15621 231.4 14845 ori: 0 0 0
2024-10-29T16:51:17Z [AreaTriggerEvents] Created trigger ArcticCrypt2 at 15640 258.6 14828 ori: 0 0 0
2024-10-29T16:51:17Z [AreaTriggerEvents] Created trigger ArcticCrypt3 at 15642 208.9 14788 ori: 0 0 0
2024-10-29T16:51:17Z [AreaTriggerEvents] Created trigger KMUCMain at 7059 573.5 11620 ori: 0 0 0
2024-10-29T16:51:17Z [AreaTriggerEvents] Created trigger KMUCMainBottom at 7249 224.8 11617 ori: 0 0 0
2024-10-29T16:51:17Z [AreaTriggerEvents] Created trigger TempleBridgeJump at 371 49.6 526 ori: 0 0 0
2024-10-29T16:51:17Z [AreaTriggerEvents] Created trigger TempleOutsideTop1 at 739.5 38 483 ori: 0 0 0
2024-10-29T16:51:17Z [AreaTriggerEvents] Created trigger TempleOutsideTop2 at 670 49.5 306 ori: 0 0 0
2024-10-29T16:51:17Z [AreaTriggerEvents] Created trigger TempleWolfTrap at 591 14.3 390 ori: 0 0 0
2024-10-29T16:51:17Z [AreaTriggerEvents] Created trigger TempleInside1 at 865 19.2 410 ori: 0 0 0
2024-10-29T16:51:17Z [AreaTriggerEvents] Created trigger TempleInside2 at 828 38 484 ori: 0 0 0
2024-10-29T16:51:17Z [AreaTriggerEvents] Created trigger TempleHammerTrigger at 366 54.3 868 ori: 0 0 0
2024-10-29T16:51:17Z [AreaTriggerEvents] Created trigger TemplePartB1 at 405 130 1517 ori: 0 0 0
2024-10-29T16:51:17Z [AreaTriggerEvents] Created trigger TemplePartB2 at 417 2.4 1591 ori: 0 0 0
2024-10-29T17:00:11Z [AreaTriggerEvents] Created trigger ArcticCrypt at 15621 231.4 14845 ori: 0 0 0
2024-10-29T17:00:11Z [AreaTriggerEvents] Created trigger ArcticCrypt2 at 15640 258.6 14828 ori: 0 0 0
2024-10-29T17:00:11Z [AreaTriggerEvents] Created trigger ArcticCrypt3 at 15642 208.9 14788 ori: 0 0 0
2024-10-29T17:00:11Z [AreaTriggerEvents] Created trigger KMUCMain at 7059 573.5 11620 ori: 0 0 0
2024-10-29T17:00:11Z [AreaTriggerEvents] Created trigger KMUCMainBottom at 7249 224.8 11617 ori: 0 0 0
2024-10-29T17:00:11Z [AreaTriggerEvents] Created trigger TempleBridgeJump at 371 49.6 526 ori: 0 0 0
2024-10-29T17:00:11Z [AreaTriggerEvents] Created trigger TempleOutsideTop1 at 739.5 38 483 ori: 0 0 0
2024-10-29T17:00:11Z [AreaTriggerEvents] Created trigger TempleOutsideTop2 at 670 49.5 306 ori: 0 0 0
2024-10-29T17:00:11Z [AreaTriggerEvents] Created trigger TempleWolfTrap at 591 14.3 390 ori: 0 0 0
2024-10-29T17:00:11Z [AreaTriggerEvents] Created trigger TempleInside1 at 865 19.2 410 ori: 0 0 0
2024-10-29T17:00:11Z [AreaTriggerEvents] Created trigger TempleInside2 at 828 38 484 ori: 0 0 0
2024-10-29T17:00:11Z [AreaTriggerEvents] Created trigger TempleHammerTrigger at 366 54.3 868 ori: 0 0 0
2024-10-29T17:00:11Z [AreaTriggerEvents] Created trigger TemplePartB1 at 405 130 1517 ori: 0 0 0
2024-10-29T17:00:11Z [AreaTriggerEvents] Created trigger TemplePartB2 at 417 2.4 1591 ori: 0 0 0
2024-10-29T17:03:36Z [AreaTriggerEvents] Created trigger ArcticCrypt at 15621 231.4 14845 ori: 0 0 0
2024-10-29T17:03:36Z [AreaTriggerEvents] Created trigger ArcticCrypt2 at 15640 258.6 14828 ori: 0 0 0
2024-10-29T17:03:36Z [AreaTriggerEvents] Created trigger ArcticCrypt3 at 15642 208.9 14788 ori: 0 0 0
2024-10-29T17:03:36Z [AreaTriggerEvents] Created trigger KMUCMain at 7059 573.5 11620 ori: 0 0 0
2024-10-29T17:03:36Z [AreaTriggerEvents] Created trigger KMUCMainBottom at 7249 224.8 11617 ori: 0 0 0
2024-10-29T17:03:36Z [AreaTriggerEvents] Created trigger TempleBridgeJump at 371 49.6 526 ori: 0 0 0
2024-10-29T17:03:36Z [AreaTriggerEvents] Created trigger TempleOutsideTop1 at 739.5 38 483 ori: 0 0 0
2024-10-29T17:03:36Z [AreaTriggerEvents] Created trigger TempleOutsideTop2 at 670 49.5 306 ori: 0 0 0
2024-10-29T17:03:36Z [AreaTriggerEvents] Created trigger TempleWolfTrap at 591 14.3 390 ori: 0 0 0
2024-10-29T17:03:36Z [AreaTriggerEvents] Created trigger TempleInside1 at 865 19.2 410 ori: 0 0 0
2024-10-29T17:03:36Z [AreaTriggerEvents] Created trigger TempleInside2 at 828 38 484 ori: 0 0 0
2024-10-29T17:03:36Z [AreaTriggerEvents] Created trigger TempleHammerTrigger at 366 54.3 868 ori: 0 0 0
2024-10-29T17:03:36Z [AreaTriggerEvents] Created trigger TemplePartB1 at 405 130 1517 ori: 0 0 0
2024-10-29T17:03:36Z [AreaTriggerEvents] Created trigger TemplePartB2 at 417 2.4 1591 ori: 0 0 0
2024-10-30T22:28:54Z [AreaTriggerEvents] Created trigger ArcticCrypt at 15621 231.4 14845 ori: 0 0 0
2024-10-30T22:28:54Z [AreaTriggerEvents] Created trigger ArcticCrypt2 at 15640 258.6 14828 ori: 0 0 0
2024-10-30T22:28:54Z [AreaTriggerEvents] Created trigger ArcticCrypt3 at 15642 208.9 14788 ori: 0 0 0
2024-10-30T22:28:54Z [AreaTriggerEvents] Created trigger KMUCMain at 7059 573.5 11620 ori: 0 0 0
2024-10-30T22:28:54Z [AreaTriggerEvents] Created trigger KMUCMainBottom at 7249 224.8 11617 ori: 0 0 0
2024-10-30T22:28:54Z [AreaTriggerEvents] Created trigger TempleBridgeJump at 371 49.6 526 ori: 0 0 0
2024-10-30T22:28:54Z [AreaTriggerEvents] Created trigger TempleOutsideTop1 at 739.5 38 483 ori: 0 0 0
2024-10-30T22:28:54Z [AreaTriggerEvents] Created trigger TempleOutsideTop2 at 670 49.5 306 ori: 0 0 0
2024-10-30T22:28:54Z [AreaTriggerEvents] Created trigger TempleWolfTrap at 591 14.3 390 ori: 0 0 0
2024-10-30T22:28:54Z [AreaTriggerEvents] Created trigger TempleInside1 at 865 19.2 410 ori: 0 0 0
2024-10-30T22:28:54Z [AreaTriggerEvents] Created trigger TempleInside2 at 828 38 484 ori: 0 0 0
2024-10-30T22:28:54Z [AreaTriggerEvents] Created trigger TempleHammerTrigger at 366 54.3 868 ori: 0 0 0
2024-10-30T22:28:54Z [AreaTriggerEvents] Created trigger TemplePartB1 at 405 130 1517 ori: 0 0 0
2024-10-30T22:28:54Z [AreaTriggerEvents] Created trigger TemplePartB2 at 417 2.4 1591 ori: 0 0 0
2024-10-30T22:32:11Z [AreaTriggerEvents] Created trigger ArcticCrypt at 15621 231.4 14845 ori: 0 0 0
2024-10-30T22:32:11Z [AreaTriggerEvents] Created trigger ArcticCrypt2 at 15640 258.6 14828 ori: 0 0 0
2024-10-30T22:32:11Z [AreaTriggerEvents] Created trigger ArcticCrypt3 at 15642 208.9 14788 ori: 0 0 0
2024-10-30T22:32:11Z [AreaTriggerEvents] Created trigger KMUCMain at 7059 573.5 11620 ori: 0 0 0
2024-10-30T22:32:11Z [AreaTriggerEvents] Created trigger KMUCMainBottom at 7249 224.8 11617 ori: 0 0 0
2024-10-30T22:32:11Z [AreaTriggerEvents] Created trigger TempleBridgeJump at 371 49.6 526 ori: 0 0 0
2024-10-30T22:32:11Z [AreaTriggerEvents] Created trigger TempleOutsideTop1 at 739.5 38 483 ori: 0 0 0
2024-10-30T22:32:11Z [AreaTriggerEvents] Created trigger TempleOutsideTop2 at 670 49.5 306 ori: 0 0 0
2024-10-30T22:32:11Z [AreaTriggerEvents] Created trigger TempleWolfTrap at 591 14.3 390 ori: 0 0 0
2024-10-30T22:32:11Z [AreaTriggerEvents] Created trigger TempleInside1 at 865 19.2 410 ori: 0 0 0
2024-10-30T22:32:11Z [AreaTriggerEvents] Created trigger TempleInside2 at 828 38 484 ori: 0 0 0
2024-10-30T22:32:11Z [AreaTriggerEvents] Created trigger TempleHammerTrigger at 366 54.3 868 ori: 0 0 0
2024-10-30T22:32:11Z [AreaTriggerEvents] Created trigger TemplePartB1 at 405 130 1517 ori: 0 0 0
2024-10-30T22:32:11Z [AreaTriggerEvents] Created trigger TemplePartB2 at 417 2.4 1591 ori: 0 0 0
2024-10-30T22:40:03Z [AreaTriggerEvents] Created trigger ArcticCrypt at 15621 231.4 14845 ori: 0 0 0
2024-10-30T22:40:03Z [AreaTriggerEvents] Created trigger ArcticCrypt2 at 15640 258.6 14828 ori: 0 0 0
2024-10-30T22:40:03Z [AreaTriggerEvents] Created trigger ArcticCrypt3 at 15642 208.9 14788 ori: 0 0 0
2024-10-30T22:40:03Z [AreaTriggerEvents] Created trigger KMUCMain at 7059 573.5 11620 ori: 0 0 0
2024-10-30T22:40:03Z [AreaTriggerEvents] Created trigger KMUCMainBottom at 7249 224.8 11617 ori: 0 0 0
2024-10-30T22:40:03Z [AreaTriggerEvents] Created trigger TempleBridgeJump at 371 49.6 526 ori: 0 0 0
2024-10-30T22:40:03Z [AreaTriggerEvents] Created trigger TempleOutsideTop1 at 739.5 38 483 ori: 0 0 0
2024-10-30T22:40:03Z [AreaTriggerEvents] Created trigger TempleOutsideTop2 at 670 49.5 306 ori: 0 0 0
2024-10-30T22:40:03Z [AreaTriggerEvents] Created trigger TempleWolfTrap at 591 14.3 390 ori: 0 0 0
2024-10-30T22:40:03Z [AreaTriggerEvents] Created trigger TempleInside1 at 865 19.2 410 ori: 0 0 0
2024-10-30T22:40:03Z [AreaTriggerEvents] Created trigger TempleInside2 at 828 38 484 ori: 0 0 0
2024-10-30T22:40:03Z [AreaTriggerEvents] Created trigger TempleHammerTrigger at 366 54.3 868 ori: 0 0 0
2024-10-30T22:40:03Z [AreaTriggerEvents] Created trigger TemplePartB1 at 405 130 1517 ori: 0 0 0
2024-10-30T22:40:03Z [AreaTriggerEvents] Created trigger TemplePartB2 at 417 2.4 1591 ori: 0 0 0
