---------------------------------------------
ZomBerry v0.6.4 log started at 29.10.2024 17:51:17

29.10.2024 17:51:17 [ZomBerryCmdAPI]: INFO: Added category OnTarget
29.10.2024 17:51:17 [ZomBerryCmdAPI]: INFO: Added function TPCur to category OnTarget
29.10.2024 17:51:17 [ZomBerryCmdAPI]: INFO: Added function TPForward to category OnTarget
29.10.2024 17:51:17 [ZomBerryCmdAPI]: INFO: Added function TPToTarget to category OnTarget
29.10.2024 17:51:17 [ZomBerryCmdAPI]: INFO: Added function TPToAdmin to category OnTarget
29.10.2024 17:51:17 [ZomBerryCmdAPI]: INFO: Added function HealTarget to category OnTarget
29.10.2024 17:51:17 [ZomBerryCmdAPI]: INFO: Added function HealTargetPart to category OnTarget
29.10.2024 17:51:17 [ZomBerryCmdAPI]: INFO: Added function GodTarget to category OnTarget
29.10.2024 17:51:17 [ZomBerryCmdAPI]: INFO: Added function RepairTargetHands to category OnTarget
29.10.2024 17:51:17 [ZomBerryCmdAPI]: INFO: Added function RefuelAndRepair to category OnTarget
29.10.2024 17:51:17 [ZomBerryCmdAPI]: INFO: Added category ==
29.10.2024 17:51:17 [ZomBerryCmdAPI]: INFO: Added function KillTarget to category ==
29.10.2024 17:51:17 [ZomBerryCmdAPI]: INFO: Added function BiteTarget to category ==
29.10.2024 17:51:17 [ZomBerryCmdAPI]: INFO: Added function StripTarget to category ==
29.10.2024 17:51:17 [ZomBerryCmdAPI]: INFO: Added function RejectBellyTarget to category ==
29.10.2024 17:51:17 [ZomBerryCmdAPI]: INFO: Added function PsycoTarget to category ==
29.10.2024 17:51:17 [ZomBerryCmdAPI]: INFO: Added function SneezeTarget to category ==
29.10.2024 17:51:17 [ZomBerryCmdAPI]: INFO: Added function SetHealthTarget to category ==
29.10.2024 17:51:17 [ZomBerryCmdAPI]: INFO: Added function SetBloodTarget to category ==
29.10.2024 17:51:17 [ZomBerryCmdAPI]: INFO: Added category OnServer
29.10.2024 17:51:17 [ZomBerryCmdAPI]: INFO: Added function FreeCamAdm to category OnServer
29.10.2024 17:51:17 [ZomBerryCmdAPI]: INFO: Added function TimeDay to category OnServer
29.10.2024 17:51:17 [ZomBerryCmdAPI]: INFO: Added function TimeNight to category OnServer
29.10.2024 17:51:17 [ZomBerryCmdAPI]: INFO: Added function SetTime to category OnServer
29.10.2024 17:51:17 [ZomBerryCmdAPI]: INFO: Added function SetDate to category OnServer
29.10.2024 17:51:17 [ZomBerryCmdAPI]: INFO: Added function SetWeather to category OnServer
29.10.2024 17:51:17 [ZomBerryCmdAPI]: INFO: Added function DeleteObj to category OnServer
29.10.2024 17:51:17 [ZomBerryConfig]: INFO: Using admins.cfg from Profile directory
29.10.2024 17:51:17 [ZomBerryDbg]: Server ready, loading admin list from: $profile:ZomBerry\admins.cfg
29.10.2024 17:51:17 [ZomBerryConfig]: admins.cfg loaded
29.10.2024 17:51:17 [ZomBerryConfig]: Added admin: 76561197968905839
29.10.2024 17:51:17 [ZomBerryConfig]: Added admin: 76561197961238485
29.10.2024 17:55:04 [ZomBerryDbg]: Auth respond to admin Brunzel (f2l2jICD_Sczip949hvINs6OyU4Bwb7AcAdZ3Ggck4k=)
29.10.2024 17:55:22 [ZomBerryDbg]: Brunzel (f2l2jICD_Sczip949hvINs6OyU4Bwb7AcAdZ3Ggck4k=) - player list sync
29.10.2024 17:55:22 [ZomBerryDbg]: Brunzel (f2l2jICD_Sczip949hvINs6OyU4Bwb7AcAdZ3Ggck4k=) - function list sync
